INFO    11 Feb 2025 14:36:08 org.joget.apps.app.service.AppDevUtil - Pull from Git remote repo: https://github.com/motrabelsi10/PFE-Wevioo.git
INFO    11 Feb 2025 14:36:10 org.joget.apps.app.service.AppDevUtil - Pull from Git remote repo: https://github.com/motrabelsi10/PFE-Wevioo.git
INFO    11 Feb 2025 14:36:11 org.joget.apps.app.service.AppDevUtil - Pull from Git remote repo: https://github.com/motrabelsi10/PFE-Wevioo.git
INFO    11 Feb 2025 14:36:14 org.joget.apps.app.service.AppDevUtil - Pull from Git remote repo: https://github.com/motrabelsi10/PFE-Wevioo.git
INFO    11 Feb 2025 14:36:15 org.joget.apps.app.service.AppDevUtil - Pull from Git remote repo: https://github.com/motrabelsi10/PFE-Wevioo.git
INFO    11 Feb 2025 14:36:16 org.joget.apps.app.service.AppDevUtil - Pull from Git remote repo: https://github.com/motrabelsi10/PFE-Wevioo.git
INFO    11 Feb 2025 14:36:19 org.joget.apps.app.service.AppDevUtil - Pull from Git remote repo: https://github.com/motrabelsi10/PFE-Wevioo.git
INFO    11 Feb 2025 14:36:20 org.joget.apps.app.service.AppDevUtil - Pull from Git remote repo: https://github.com/motrabelsi10/PFE-Wevioo.git
INFO    11 Feb 2025 14:36:24 org.joget.apps.app.service.AppDevUtil - Pull from Git remote repo: https://github.com/motrabelsi10/PFE-Wevioo.git
INFO    11 Feb 2025 14:36:30 org.joget.apps.app.service.AppDevUtil - Pull from Git remote repo: https://github.com/motrabelsi10/PFE-Wevioo.git
INFO    11 Feb 2025 14:36:31 org.joget.apps.app.service.AppDevUtil - Pull from Git remote repo: https://github.com/motrabelsi10/PFE-Wevioo.git
ERROR   11 Feb 2025 14:36:32 org.hibernate.engine.jdbc.spi.SqlExceptionHelper - (conn=127) Table 'jwdb.app_fd_teacher' doesn't exist
INFO    11 Feb 2025 14:39:30 org.joget.apps.app.service.AppDevUtil - Pull from Git remote repo: https://github.com/motrabelsi10/PFE-Wevioo.git
INFO    11 Feb 2025 14:39:31 org.joget.apps.app.service.AppDevUtil - Pull from Git remote repo: https://github.com/motrabelsi10/PFE-Wevioo.git
INFO    11 Feb 2025 14:39:35 org.joget.apps.app.service.AppDevUtil - Pull from Git remote repo: https://github.com/motrabelsi10/PFE-Wevioo.git
INFO    11 Feb 2025 14:39:37 org.joget.apps.app.service.AppDevUtil - Pull from Git remote repo: https://github.com/motrabelsi10/PFE-Wevioo.git
INFO    11 Feb 2025 14:39:38 org.joget.apps.app.service.AppDevUtil - Pull from Git remote repo: https://github.com/motrabelsi10/PFE-Wevioo.git
INFO    11 Feb 2025 14:39:39 org.joget.apps.app.service.AppDevUtil - Pull from Git remote repo: https://github.com/motrabelsi10/PFE-Wevioo.git
INFO    11 Feb 2025 14:39:40 org.joget.apps.app.service.AppDevUtil - Pull from Git remote repo: https://github.com/motrabelsi10/PFE-Wevioo.git
INFO    11 Feb 2025 14:39:40 org.joget.apps.app.service.AppDevUtil - Pull from Git remote repo: https://github.com/motrabelsi10/PFE-Wevioo.git
INFO    11 Feb 2025 14:39:45 org.joget.apps.app.service.AppDevUtil - Pull from Git remote repo: https://github.com/motrabelsi10/PFE-Wevioo.git
INFO    11 Feb 2025 14:39:50 org.joget.apps.app.service.AppDevUtil - Pull from Git remote repo: https://github.com/motrabelsi10/PFE-Wevioo.git
INFO    11 Feb 2025 14:42:05 org.joget.apps.app.service.AppDevUtil - Pull from Git remote repo: https://github.com/motrabelsi10/PFE-Wevioo.git
INFO    11 Feb 2025 14:42:06 org.joget.apps.app.service.AppDevUtil - Pull from Git remote repo: https://github.com/motrabelsi10/PFE-Wevioo.git
INFO    11 Feb 2025 14:42:07 org.joget.apps.app.service.AppDevUtil - Pull from Git remote repo: https://github.com/motrabelsi10/PFE-Wevioo.git
INFO    11 Feb 2025 14:42:08 org.joget.apps.app.service.AppDevUtil - Pull from Git remote repo: https://github.com/motrabelsi10/PFE-Wevioo.git
INFO    11 Feb 2025 14:42:21 org.joget.apps.app.service.AppDevUtil - Pull from Git remote repo: https://github.com/motrabelsi10/PFE-Wevioo.git
INFO    11 Feb 2025 14:42:22 org.joget.apps.app.service.AppDevUtil - Pull from Git remote repo: https://github.com/motrabelsi10/PFE-Wevioo.git
INFO    11 Feb 2025 14:42:22 org.joget.apps.app.service.AppDevUtil - Pull from Git remote repo: https://github.com/motrabelsi10/PFE-Wevioo.git
INFO    11 Feb 2025 14:42:23 org.joget.apps.app.service.AppDevUtil - Pull from Git remote repo: https://github.com/motrabelsi10/PFE-Wevioo.git
INFO    11 Feb 2025 14:42:24 org.joget.apps.app.service.AppDevUtil - Commit to Git repo by admin: Update form student. _
INFO    11 Feb 2025 14:42:24 org.joget.apps.app.service.AppDevUtil - Pull from Git remote repo: https://github.com/motrabelsi10/PFE-Wevioo.git
INFO    11 Feb 2025 14:42:24 org.joget.apps.app.service.AppDevUtil - Push to Git remote repo: https://github.com/motrabelsi10/PFE-Wevioo.git
ERROR   11 Feb 2025 14:42:26 org.joget.apps.app.web.GitRequestFilter$1 - https://github.com/motrabelsi10/PFE-Wevioo.git: not authorized
org.eclipse.jgit.api.errors.TransportException: https://github.com/motrabelsi10/PFE-Wevioo.git: not authorized
	at org.eclipse.jgit.api.PushCommand.call(PushCommand.java:168) ~[org.eclipse.jgit-6.8.0.202311291450-r.jar:6.8.0.202311291450-r]
	at org.joget.apps.app.service.AppDevUtil.gitPullAndPush(AppDevUtil.java:728) ~[classes/:?]
	at org.joget.apps.app.web.GitRequestFilter$1.run(GitRequestFilter.java:147) [classes/:?]
	at java.base/java.lang.Thread.run(Thread.java:829) [?:?]
	at org.joget.commons.util.PluginThread.run(PluginThread.java:67) [wflow-commons-8.1.10.jar:?]
Caused by: org.eclipse.jgit.errors.TransportException: https://github.com/motrabelsi10/PFE-Wevioo.git: not authorized
	at org.eclipse.jgit.transport.TransportHttp.connect(TransportHttp.java:695) ~[org.eclipse.jgit-6.8.0.202311291450-r.jar:6.8.0.202311291450-r]
	at org.eclipse.jgit.transport.TransportHttp.connect(TransportHttp.java:637) ~[org.eclipse.jgit-6.8.0.202311291450-r.jar:6.8.0.202311291450-r]
	at org.eclipse.jgit.transport.TransportHttp.openPush(TransportHttp.java:541) ~[org.eclipse.jgit-6.8.0.202311291450-r.jar:6.8.0.202311291450-r]
	at org.eclipse.jgit.transport.PushProcess.execute(PushProcess.java:140) ~[org.eclipse.jgit-6.8.0.202311291450-r.jar:6.8.0.202311291450-r]
	at org.eclipse.jgit.transport.Transport.push(Transport.java:1557) ~[org.eclipse.jgit-6.8.0.202311291450-r.jar:6.8.0.202311291450-r]
	at org.eclipse.jgit.api.PushCommand.call(PushCommand.java:158) ~[org.eclipse.jgit-6.8.0.202311291450-r.jar:6.8.0.202311291450-r]
	... 4 more
INFO    11 Feb 2025 14:42:26 org.joget.apps.app.service.AppDevUtil - Pull from Git remote repo: https://github.com/motrabelsi10/PFE-Wevioo.git
INFO    11 Feb 2025 14:42:27 org.joget.apps.app.service.AppDevUtil - Pull from Git remote repo: https://github.com/motrabelsi10/PFE-Wevioo.git
INFO    11 Feb 2025 14:42:27 org.joget.apps.app.service.AppDevUtil - Pull from Git remote repo: https://github.com/motrabelsi10/PFE-Wevioo.git
INFO    11 Feb 2025 14:42:28 org.joget.apps.app.service.AppDevUtil - Change detected (Tue Feb 11 14:42:24 UTC 2025 vs Tue Feb 11 14:42:23 UTC 2025), init sync for app {id=app, version=1, published=true}
INFO    11 Feb 2025 14:42:28 org.joget.apps.app.service.AppDevUtil - Pull from Git remote repo: https://github.com/motrabelsi10/PFE-Wevioo.git
INFO    11 Feb 2025 14:42:29 org.joget.apps.app.service.AppDevUtil - Pull from Git remote repo: https://github.com/motrabelsi10/PFE-Wevioo.git
INFO    11 Feb 2025 14:42:30 org.joget.apps.app.service.AppDevUtil - Pull from Git remote repo: https://github.com/motrabelsi10/PFE-Wevioo.git
INFO    11 Feb 2025 14:42:30 org.joget.apps.app.service.AppDevUtil - Pull from Git remote repo: https://github.com/motrabelsi10/PFE-Wevioo.git
INFO    11 Feb 2025 14:42:31 org.joget.apps.app.service.AppDevUtil - Pull from Git remote repo: https://github.com/motrabelsi10/PFE-Wevioo.git
INFO    11 Feb 2025 14:42:31 org.joget.apps.app.service.AppDevUtil - Pull from Git remote repo: https://github.com/motrabelsi10/PFE-Wevioo.git
INFO    11 Feb 2025 14:42:32 org.joget.apps.app.service.AppDevUtil - Change detected (Tue Feb 11 14:42:24 UTC 2025 vs Tue Feb 11 14:42:23 UTC 2025), init sync for app {id=app, version=1, published=true}
INFO    11 Feb 2025 14:42:32 org.joget.apps.app.service.AppDevUtil - Pull from Git remote repo: https://github.com/motrabelsi10/PFE-Wevioo.git
INFO    11 Feb 2025 14:42:32 org.joget.apps.app.service.AppDevUtil - Sync complete for app {id=app, version=1, published=true}
INFO    11 Feb 2025 14:42:33 org.joget.apps.app.service.AppDevUtil - Pull from Git remote repo: https://github.com/motrabelsi10/PFE-Wevioo.git
INFO    11 Feb 2025 14:42:33 org.joget.apps.app.service.AppDevUtil - Sync complete for app {id=app, version=1, published=true}
INFO    11 Feb 2025 14:42:33 org.joget.apps.app.service.AppDevUtil - Pull from Git remote repo: https://github.com/motrabelsi10/PFE-Wevioo.git
INFO    11 Feb 2025 14:42:35 org.joget.apps.app.service.AppDevUtil - Pull from Git remote repo: https://github.com/motrabelsi10/PFE-Wevioo.git
INFO    11 Feb 2025 14:42:36 org.joget.apps.app.service.AppDevUtil - Pull from Git remote repo: https://github.com/motrabelsi10/PFE-Wevioo.git
INFO    11 Feb 2025 14:42:47 org.joget.apps.app.service.AppDevUtil - Pull from Git remote repo: https://github.com/motrabelsi10/PFE-Wevioo.git
INFO    11 Feb 2025 14:42:48 org.joget.apps.app.service.AppDevUtil - Pull from Git remote repo: https://github.com/motrabelsi10/PFE-Wevioo.git
INFO    11 Feb 2025 14:42:49 org.joget.apps.app.service.AppDevUtil - Pull from Git remote repo: https://github.com/motrabelsi10/PFE-Wevioo.git
INFO    11 Feb 2025 14:42:49 org.joget.apps.app.service.AppDevUtil - Pull from Git remote repo: https://github.com/motrabelsi10/PFE-Wevioo.git
INFO    11 Feb 2025 14:42:55 org.joget.apps.app.service.AppDevUtil - Pull from Git remote repo: https://github.com/motrabelsi10/PFE-Wevioo.git
